Build started 1/26/2015 7:26:53 PM.
     1>Project "C:\Users\mp755\Documents\Visual Studio 2013\Projects\Lab2\Lab2\Lab2.vcxproj" on node 2 (Build target(s)).
     1>ClCompile:
         C:\Program Files (x86)\Microsoft Visual Studio 12.0\VC\bin\CL.exe /c /I"C:\Users\mp755\Documents\Visual Studio 2013\Projects\Lab2\packages\nupengl.core.0.0.0.1\build\native\../..//build/native/include/" /ZI /nologo /W3 /WX- /sdl /Od /Oy- /D _MBCS /Gm /EHsc /RTC1 /MDd /GS /fp:precise /Zc:wchar_t /Zc:forScope /Fo"Debug\\" /Fd"Debug\vc120.pdb" /Gd /TP /analyze- /errorReport:prompt Source.cpp
         Source.cpp
     1>c:\users\mp755\documents\visual studio 2013\projects\lab2\lab2\source.cpp(17): warning C4305: 'initializing' : truncation from 'double' to 'float'
     1>c:\users\mp755\documents\visual studio 2013\projects\lab2\lab2\source.cpp(18): warning C4305: 'initializing' : truncation from 'double' to 'float'
     1>c:\users\mp755\documents\visual studio 2013\projects\lab2\lab2\source.cpp(24): warning C4305: 'initializing' : truncation from 'double' to 'float'
     1>c:\users\mp755\documents\visual studio 2013\projects\lab2\lab2\source.cpp(26): warning C4244: 'initializing' : conversion from 'double' to 'float', possible loss of data
     1>c:\users\mp755\documents\visual studio 2013\projects\lab2\lab2\source.cpp(27): warning C4244: 'initializing' : conversion from 'double' to 'float', possible loss of data
     1>c:\users\mp755\documents\visual studio 2013\projects\lab2\lab2\source.cpp(53): warning C4244: 'initializing' : conversion from 'double' to 'float', possible loss of data
     1>c:\users\mp755\documents\visual studio 2013\projects\lab2\lab2\source.cpp(67): warning C4244: 'argument' : conversion from 'double' to 'GLfloat', possible loss of data
     1>c:\users\mp755\documents\visual studio 2013\projects\lab2\lab2\source.cpp(68): warning C4244: 'argument' : conversion from 'double' to 'GLfloat', possible loss of data
     1>c:\users\mp755\documents\visual studio 2013\projects\lab2\lab2\source.cpp(69): warning C4244: 'argument' : conversion from 'double' to 'GLfloat', possible loss of data
     1>c:\users\mp755\documents\visual studio 2013\projects\lab2\lab2\source.cpp(70): warning C4244: 'argument' : conversion from 'double' to 'GLfloat', possible loss of data
     1>c:\users\mp755\documents\visual studio 2013\projects\lab2\lab2\source.cpp(83): warning C4244: 'argument' : conversion from 'double' to 'GLfloat', possible loss of data
     1>c:\users\mp755\documents\visual studio 2013\projects\lab2\lab2\source.cpp(87): warning C4305: 'argument' : truncation from 'double' to 'GLfloat'
     1>c:\users\mp755\documents\visual studio 2013\projects\lab2\lab2\source.cpp(88): warning C4305: 'argument' : truncation from 'double' to 'float'
     1>c:\users\mp755\documents\visual studio 2013\projects\lab2\lab2\source.cpp(88): warning C4244: 'argument' : conversion from 'double' to 'float', possible loss of data
     1>c:\users\mp755\documents\visual studio 2013\projects\lab2\lab2\source.cpp(89): warning C4305: 'argument' : truncation from 'double' to 'float'
     1>c:\users\mp755\documents\visual studio 2013\projects\lab2\lab2\source.cpp(89): warning C4244: 'argument' : conversion from 'double' to 'float', possible loss of data
       Link:
         C:\Program Files (x86)\Microsoft Visual Studio 12.0\VC\bin\link.exe /ERRORREPORT:PROMPT /OUT:"C:\Users\mp755\Documents\Visual Studio 2013\Projects\Lab2\Debug\Lab2.exe" /INCREMENTAL /NOLOGO "C:\Users\mp755\Documents\Visual Studio 2013\Projects\Lab2\packages\nupengl.core.0.0.0.1\build\native\../..//build/native/lib/Win32\v120\glew32.lib" "C:\Users\mp755\Documents\Visual Studio 2013\Projects\Lab2\packages\nupengl.core.0.0.0.1\build\native\../..//build/native/lib/Win32\v120\glfw3dll.lib" "C:\Users\mp755\Documents\Visual Studio 2013\Projects\Lab2\packages\nupengl.core.0.0.0.1\build\native\../..//build/native/lib/Win32\v120\freeglut.lib" kernel32.lib user32.lib gdi32.lib winspool.lib comdlg32.lib advapi32.lib shell32.lib ole32.lib oleaut32.lib uuid.lib odbc32.lib odbccp32.lib /MANIFEST /MANIFESTUAC:"level='asInvoker' uiAccess='false'" /manifest:embed /DEBUG /PDB:"C:\Users\mp755\Documents\Visual Studio 2013\Projects\Lab2\Debug\Lab2.pdb" /TLBID:1 /DYNAMICBASE /NXCOMPAT /IMPLIB:"C:\Users\mp755\Documents\Visual Studio 2013\Projects\Lab2\Debug\Lab2.lib" /MACHINE:X86 Debug\Source.obj
         Lab2.vcxproj -> C:\Users\mp755\Documents\Visual Studio 2013\Projects\Lab2\Debug\Lab2.exe
     1>Done Building Project "C:\Users\mp755\Documents\Visual Studio 2013\Projects\Lab2\Lab2\Lab2.vcxproj" (Build target(s)).

Build succeeded.

Time Elapsed 00:00:01.81
